make /root/kernel/SAMSUNG-M31-KERNEL-SOURCE/Makefile --dry-run --always-make --keep-going --print-directory
make: Entering directory '/root/kernel/SAMSUNG-M31-KERNEL-SOURCE'
 
./scripts/gcc-version.sh: line 26: ./toolchain/clang/bin/clang: No such file or directory

./scripts/gcc-version.sh: line 27: ./toolchain/clang/bin/clang: No such file or directory

make: ./toolchain/clang/bin/clang: No such file or directory

/bin/sh: 1: Syntax error: "(" unexpected
make: ./toolchain/clang/bin/clang: No such file or directory

  HOSTCC  scripts/basic/fixdep
 
  HOSTCC  scripts/kconfig/conf.o
 
  SHIPPED scripts/kconfig/zconf.tab.c
 
  SHIPPED scripts/kconfig/zconf.lex.c
 
  HOSTCC  scripts/kconfig/zconf.tab.o
 
  HOSTLD  scripts/kconfig/conf
 
scripts/kconfig/conf  --silentoldconfig Kconfig
 
Kconfig:16:warning: environment variable ANDROID_MAJOR_VERSION undefined

drivers/battery_v2/Kconfig:87:warning: ignoring type redefinition of 'ENG_BATTERY_CONCEPT' from 'boolean' to 'tristate'

drivers/samsung/misc/Kconfig:13:warning: ignoring type redefinition of 'SEC_DEBUG_TSP_LOG' from 'tristate' to 'boolean'

***
*** Configuration file ".config" not found!
***
*** Please run some configurator (e.g. "make oldconfig" or
*** "make menuconfig" or "make xconfig").
***

make[2]: *** [scripts/kconfig/Makefile:40: silentoldconfig] Error 1

make[1]: *** [Makefile:555: silentoldconfig] Error 2

make: '/root/kernel/SAMSUNG-M31-KERNEL-SOURCE/Makefile' is up to date.
make: Leaving directory '/root/kernel/SAMSUNG-M31-KERNEL-SOURCE'
 
